[debug] [2023-04-16T10:15:33.056Z] ----------------------------------------------------------------------
[debug] [2023-04-16T10:15:33.061Z] Command:       C:\Program Files\nodejs\node.exe C:\Users\USER\AppData\Roaming\npm\node_modules\firebase-tools\lib\bin\firebase.js init hosting
[debug] [2023-04-16T10:15:33.062Z] CLI Version:   11.23.1
[debug] [2023-04-16T10:15:33.063Z] Platform:      win32
[debug] [2023-04-16T10:15:33.063Z] Node Version:  v16.16.0
[debug] [2023-04-16T10:15:33.064Z] Time:          Sun Apr 16 2023 11:15:33 GMT+0100 (West Africa Standard Time)
[debug] [2023-04-16T10:15:33.065Z] ----------------------------------------------------------------------
[debug] 
[debug] [2023-04-16T10:15:33.082Z] > command requires scopes: ["email","openid","https://www.googleapis.com/auth/cloudplatformprojects.readonly","https://www.googleapis.com/auth/firebase","https://www.googleapis.com/auth/cloud-platform"]
[debug] [2023-04-16T10:15:33.083Z] > authorizing via signed-in user (kolabalogunibrahim@gmail.com)
[info] 
     ######## #### ########  ######## ########     ###     ######  ########
     ##        ##  ##     ## ##       ##     ##  ##   ##  ##       ##
     ######    ##  ########  ######   ########  #########  ######  ######
     ##        ##  ##    ##  ##       ##     ## ##     ##       ## ##
     ##       #### ##     ## ######## ########  ##     ##  ######  ########

You're about to initialize a Firebase project in this directory:

  C:\Users\USER\Downloads\Sync Free Website Template - Free-CSS.com\web

[info] 
=== Project Setup
[info] 
[info] First, let's associate this project directory with a Firebase project.
[info] You can create multiple project aliases by running firebase use --add, 
[info] but for now we'll just set up a default project.
[info] 
[debug] [2023-04-16T10:15:38.208Z] >>> [apiv2][query] GET https://firebase.googleapis.com/v1beta1/projects pageSize=100
[debug] [2023-04-16T10:15:39.211Z] <<< [apiv2][status] GET https://firebase.googleapis.com/v1beta1/projects 200
[debug] [2023-04-16T10:15:39.212Z] <<< [apiv2][body] GET https://firebase.googleapis.com/v1beta1/projects [omitted]
[info] i  Using project unilorinleagueapp-18bff (UnilorinLeagueApp) 
[info] 
=== Hosting Setup
[info] 
[info] Your public directory is the folder (relative to your project directory) that
[info] will contain Hosting assets to be uploaded with firebase deploy. If you
[info] have a build process for your assets, use your build's output directory.
[info] 
[info] +  Wrote pub/404.html 
[debug] [2023-04-16T10:16:06.888Z] >>> [apiv2][query] GET https://www.gstatic.com/firebasejs/releases.json [none]
[debug] [2023-04-16T10:16:07.414Z] <<< [apiv2][status] GET https://www.gstatic.com/firebasejs/releases.json 200
[debug] [2023-04-16T10:16:07.415Z] <<< [apiv2][body] GET https://www.gstatic.com/firebasejs/releases.json {"current":{"version":"9.19.1","browserURL":"https://www.gstatic.com/firebasejs/9.19.1/firebase.js","packageURL":"https://www.gstatic.com/firebasejs/9.19.1/firebase.tgz"},"live":{"version":"9.19","browserURL":"https://www.gstatic.com/firebasejs/live/9.19/firebase.js","packageURL":"https://www.gstatic.com/firebasejs/live/9.19/firebase.tgz"},"components":{"analytics":"https://www.gstatic.com/firebasejs/9.19.1/firebase-analytics.js","app":"https://www.gstatic.com/firebasejs/9.19.1/firebase-app.js","app-check":"https://www.gstatic.com/firebasejs/9.19.1/firebase-app-check.js","auth":"https://www.gstatic.com/firebasejs/9.19.1/firebase-auth.js","auth/cordova":"https://www.gstatic.com/firebasejs/9.19.1/firebase-auth/cordova.js","auth/react-native":"https://www.gstatic.com/firebasejs/9.19.1/firebase-auth/react-native.js","functions":"https://www.gstatic.com/firebasejs/9.19.1/firebase-functions.js","firestore":"https://www.gstatic.com/firebasejs/9.19.1/firebase-firestore.js","firestore/lite":"https://www.gstatic.com/firebasejs/9.19.1/firebase-firestore/lite.js","installations":"https://www.gstatic.com/firebasejs/9.19.1/firebase-installations.js","storage":"https://www.gstatic.com/firebasejs/9.19.1/firebase-storage.js","performance":"https://www.gstatic.com/firebasejs/9.19.1/firebase-performance.js","remote-config":"https://www.gstatic.com/firebasejs/9.19.1/firebase-remote-config.js","messaging":"https://www.gstatic.com/firebasejs/9.19.1/firebase-messaging.js","messaging/sw":"https://www.gstatic.com/firebasejs/9.19.1/firebase-messaging/sw.js","database":"https://www.gstatic.com/firebasejs/9.19.1/firebase-database.js","firestore.memory":"https://www.gstatic.com/firebasejs/9.19.1/firebase-firestore.memory.js"}}
[info] +  Wrote pub/index.html 
[info] 
[info] i  Detected a .git folder at C:\Users\USER\Downloads\Sync Free Website Template - Free-CSS.com\web 
[info] i  Authorizing with GitHub to upload your service account to a GitHub repository's secrets store. 
[info] 
[info] Visit this URL on this device to log in:
[info] https://github.com/login/oauth/authorize?client_id=89cf50f02ac6aaed3484&state=10902943&redirect_uri=http%3A%2F%2Flocalhost%3A9005&scope=read%3Auser%20repo%20public_repo
[info] 
[info] Waiting for authentication...
[debug] [2023-04-16T10:16:11.118Z] >>> [apiv2][query] POST https://github.com/login/oauth/access_token [none]
[debug] [2023-04-16T10:16:11.119Z] >>> [apiv2][body] POST https://github.com/login/oauth/access_token [stream]
[debug] [2023-04-16T10:16:11.963Z] <<< [apiv2][status] POST https://github.com/login/oauth/access_token 200
[debug] [2023-04-16T10:16:11.964Z] <<< [apiv2][body] POST https://github.com/login/oauth/access_token {"access_token":"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","token_type":"bearer","scope":"read:user,repo"}
[debug] [2023-04-16T10:16:11.979Z] >>> [apiv2][query] GET https://api.github.com/user [none]
[debug] [2023-04-16T10:16:13.028Z] <<< [apiv2][status] GET https://api.github.com/user 200
[debug] [2023-04-16T10:16:13.029Z] <<< [apiv2][body] GET https://api.github.com/user {"login":"Kolabalogun","id":32678498,"node_id":"MDQ6VXNlcjMyNjc4NDk4","avatar_url":"https://avatars.githubusercontent.com/u/32678498?v=4","gravatar_id":"","url":"https://api.github.com/users/Kolabalogun","html_url":"https://github.com/Kolabalogun","followers_url":"https://api.github.com/users/Kolabalogun/followers","following_url":"https://api.github.com/users/Kolabalogun/following{/other_user}","gists_url":"https://api.github.com/users/Kolabalogun/gists{/gist_id}","starred_url":"https://api.github.com/users/Kolabalogun/starred{/owner}{/repo}","subscriptions_url":"https://api.github.com/users/Kolabalogun/subscriptions","organizations_url":"https://api.github.com/users/Kolabalogun/orgs","repos_url":"https://api.github.com/users/Kolabalogun/repos","events_url":"https://api.github.com/users/Kolabalogun/events{/privacy}","received_events_url":"https://api.github.com/users/Kolabalogun/received_events","type":"User","site_admin":false,"name":"Ibrahim Kolabalogun","company":null,"blog":"https://ibrahimkolabalogun.web.app/","location":null,"email":null,"hireable":null,"bio":"I'm Ibrahim, a Front End and Software Developer. I'm passionate about designing and building web and software applications. ","twitter_username":"AkinolaKb","public_repos":68,"public_gists":0,"followers":12,"following":6,"created_at":"2017-10-10T14:54:21Z","updated_at":"2023-04-06T19:29:09Z","private_gists":0,"total_private_repos":8,"owned_private_repos":8,"disk_usage":489710,"collaborators":1,"two_factor_authentication":false,"plan":{"name":"free","space":976562499,"collaborators":0,"private_repos":10000}}
[info] 
[info] +  Success! Logged into GitHub as Kolabalogun 
[info] 
